# JRE version: Java(TM) SE Runtime Environment (19.0.1+10) (build 19.0.1+10-21)
# Java VM: Java HotSpot(TM) 64-Bit Server VM (19.0.1+10-21, mixed mode, sharing, tiered, compressed oops, compressed class ptrs, g1 gc, windows-amd64)
GC Precious Log:
 CardTable entry size: 512
 Card Set container configuration: InlinePtr #cards 4 size 8 Array Of Cards #cards 16 size 48 Howl #buckets 8 coarsen threshold 3686 Howl Bitmap #cards 512 size 80 coarsen threshold 460 Card regions per heap region 1 cards per card region 4096
 CPUs: 12 total, 12 available
 Memory: 16205M
 Large Page Support: Disabled
 NUMA Support: Disabled
 Compressed Oops: Enabled (Zero based)
 Heap Region Size: 2M
 Heap Min Capacity: 8M
 Heap Initial Capacity: 254M
 Heap Max Capacity: 4052M
 Pre-touch: Disabled
 Parallel Workers: 10
 Concurrent Workers: 3
 Concurrent Refinement Workers: 10
 Periodic GC: Disabled
Heap:
 garbage-first heap   total 116736K, used 50396K [0x0000000702c00000, 0x0000000800000000)
  region size 2048K, 12 young (24576K), 1 survivors (2048K)
 Metaspace       used 67374K, committed 67840K, reserved 1114112K
  class space    used 8410K, committed 8640K, reserved 1048576K
GC Heap History (20 events):
Event: 2.363 GC heap before
{Heap before GC invocations=8 (full 0):
 garbage-first heap   total 98304K, used 69049K [0x0000000702c00000, 0x0000000800000000)
  region size 2048K, 28 young (57344K), 2 survivors (4096K)
 Metaspace       used 34220K, committed 34560K, reserved 1114112K
  class space    used 4142K, committed 4288K, reserved 1048576K
}
Event: 2.370 GC heap after
{Heap after GC invocations=9 (full 0):
 garbage-first heap   total 98304K, used 18568K [0x0000000702c00000, 0x0000000800000000)
  region size 2048K, 3 young (6144K), 3 survivors (6144K)
 Metaspace       used 34220K, committed 34560K, reserved 1114112K
  class space    used 4142K, committed 4288K, reserved 1048576K
}
Event: 2.461 GC heap before
{Heap before GC invocations=9 (full 0):
 garbage-first heap   total 98304K, used 32904K [0x0000000702c00000, 0x0000000800000000)
  region size 2048K, 11 young (22528K), 3 survivors (6144K)
 Metaspace       used 35676K, committed 35968K, reserved 1114112K
  class space    used 4368K, committed 4480K, reserved 1048576K
}
Event: 2.467 GC heap after
{Heap after GC invocations=10 (full 0):
 garbage-first heap   total 98304K, used 19249K [0x0000000702c00000, 0x0000000800000000)
  region size 2048K, 2 young (4096K), 2 survivors (4096K)
 Metaspace       used 35676K, committed 35968K, reserved 1114112K
  class space    used 4368K, committed 4480K, reserved 1048576K
}
Event: 2.789 GC heap before
{Heap before GC invocations=11 (full 0):
 garbage-first heap   total 75776K, used 60209K [0x0000000702c00000, 0x0000000800000000)
  region size 2048K, 22 young (45056K), 2 survivors (4096K)
 Metaspace       used 42892K, committed 43200K, reserved 1114112K
  class space    used 5310K, committed 5440K, reserved 1048576K
}
Event: 2.794 GC heap after
{Heap after GC invocations=12 (full 0):
 garbage-first heap   total 75776K, used 20161K [0x0000000702c00000, 0x0000000800000000)
  region size 2048K, 3 young (6144K), 3 survivors (6144K)
 Metaspace       used 42892K, committed 43200K, reserved 1114112K
  class space    used 5310K, committed 5440K, reserved 1048576K
}
Event: 2.804 GC heap before
{Heap before GC invocations=12 (full 0):
 garbage-first heap   total 75776K, used 22209K [0x0000000702c00000, 0x0000000800000000)
  region size 2048K, 4 young (8192K), 3 survivors (6144K)
 Metaspace       used 43119K, committed 43456K, reserved 1114112K
  class space    used 5329K, committed 5504K, reserved 1048576K
}
Event: 2.810 GC heap after
{Heap after GC invocations=13 (full 0):
 garbage-first heap   total 75776K, used 20489K [0x0000000702c00000, 0x0000000800000000)
  region size 2048K, 1 young (2048K), 1 survivors (2048K)
 Metaspace       used 43119K, committed 43456K, reserved 1114112K
  class space    used 5329K, committed 5504K, reserved 1048576K
}
Event: 3.023 GC heap before
{Heap before GC invocations=13 (full 0):
 garbage-first heap   total 75776K, used 55305K [0x0000000702c00000, 0x0000000800000000)
  region size 2048K, 19 young (38912K), 1 survivors (2048K)
 Metaspace       used 46662K, committed 46976K, reserved 1114112K
  class space    used 5770K, committed 5888K, reserved 1048576K
}
Event: 3.026 GC heap after
{Heap after GC invocations=14 (full 0):
 garbage-first heap   total 151552K, used 21512K [0x0000000702c00000, 0x0000000800000000)
  region size 2048K, 1 young (2048K), 1 survivors (2048K)
 Metaspace       used 46662K, committed 46976K, reserved 1114112K
  class space    used 5770K, committed 5888K, reserved 1048576K
}
Event: 3.592 GC heap before
{Heap before GC invocations=14 (full 0):
 garbage-first heap   total 151552K, used 107528K [0x0000000702c00000, 0x0000000800000000)
  region size 2048K, 44 young (90112K), 1 survivors (2048K)
 Metaspace       used 53807K, committed 54208K, reserved 1114112K
  class space    used 6729K, committed 6912K, reserved 1048576K
}
Event: 3.596 GC heap after
{Heap after GC invocations=15 (full 0):
 garbage-first heap   total 151552K, used 23908K [0x0000000702c00000, 0x0000000800000000)
  region size 2048K, 3 young (6144K), 3 survivors (6144K)
 Metaspace       used 53807K, committed 54208K, reserved 1114112K
  class space    used 6729K, committed 6912K, reserved 1048576K
}
Event: 4.018 GC heap before
{Heap before GC invocations=15 (full 0):
 garbage-first heap   total 151552K, used 107876K [0x0000000702c00000, 0x0000000800000000)
  region size 2048K, 44 young (90112K), 3 survivors (6144K)
 Metaspace       used 57960K, committed 58368K, reserved 1114112K
  class space    used 7241K, committed 7424K, reserved 1048576K
}
Event: 4.022 GC heap after
{Heap after GC invocations=16 (full 0):
 garbage-first heap   total 151552K, used 27411K [0x0000000702c00000, 0x0000000800000000)
  region size 2048K, 4 young (8192K), 4 survivors (8192K)
 Metaspace       used 57960K, committed 58368K, reserved 1114112K
  class space    used 7241K, committed 7424K, reserved 1048576K
}
Event: 4.214 GC heap before
{Heap before GC invocations=16 (full 0):
 garbage-first heap   total 151552K, used 62227K [0x0000000702c00000, 0x0000000800000000)
  region size 2048K, 22 young (45056K), 4 survivors (8192K)
 Metaspace       used 59892K, committed 60288K, reserved 1114112K
  class space    used 7512K, committed 7744K, reserved 1048576K
}
Event: 4.218 GC heap after
{Heap after GC invocations=17 (full 0):
 garbage-first heap   total 151552K, used 29022K [0x0000000702c00000, 0x0000000800000000)
  region size 2048K, 4 young (8192K), 4 survivors (8192K)
 Metaspace       used 59892K, committed 60288K, reserved 1114112K
  class space    used 7512K, committed 7744K, reserved 1048576K
}
Event: 7.084 GC heap before
{Heap before GC invocations=18 (full 0):
 garbage-first heap   total 116736K, used 90462K [0x0000000702c00000, 0x0000000800000000)
  region size 2048K, 34 young (69632K), 4 survivors (8192K)
 Metaspace       used 64493K, committed 64960K, reserved 1114112K
  class space    used 8124K, committed 8384K, reserved 1048576K
}
Event: 7.090 GC heap after
{Heap after GC invocations=19 (full 0):
 garbage-first heap   total 116736K, used 31396K [0x0000000702c00000, 0x0000000800000000)
  region size 2048K, 4 young (8192K), 4 survivors (8192K)
 Metaspace       used 64493K, committed 64960K, reserved 1114112K
  class space    used 8124K, committed 8384K, reserved 1048576K
}
Event: 7.108 GC heap before
{Heap before GC invocations=19 (full 0):
 garbage-first heap   total 116736K, used 33444K [0x0000000702c00000, 0x0000000800000000)
  region size 2048K, 5 young (10240K), 4 survivors (8192K)
 Metaspace       used 64767K, committed 65280K, reserved 1114112K
  class space    used 8143K, committed 8384K, reserved 1048576K
}
Event: 7.112 GC heap after
{Heap after GC invocations=20 (full 0):
 garbage-first heap   total 116736K, used 31964K [0x0000000702c00000, 0x0000000800000000)
  region size 2048K, 1 young (2048K), 1 survivors (2048K)
 Metaspace       used 64767K, committed 65280K, reserved 1114112K
  class space    used 8143K, committed 8384K, reserved 1048576K
}

