# JRE version: Java(TM) SE Runtime Environment (19.0.1+10) (build 19.0.1+10-21)
# Java VM: Java HotSpot(TM) 64-Bit Server VM (19.0.1+10-21, mixed mode, sharing, tiered, compressed oops, compressed class ptrs, g1 gc, windows-amd64)
GC Precious Log:
 CardTable entry size: 512
 Card Set container configuration: InlinePtr #cards 4 size 8 Array Of Cards #cards 16 size 48 Howl #buckets 8 coarsen threshold 3686 Howl Bitmap #cards 512 size 80 coarsen threshold 460 Card regions per heap region 1 cards per card region 4096
 CPUs: 12 total, 12 available
 Memory: 16205M
 Large Page Support: Disabled
 NUMA Support: Disabled
 Compressed Oops: Enabled (Zero based)
 Heap Region Size: 2M
 Heap Min Capacity: 8M
 Heap Initial Capacity: 254M
 Heap Max Capacity: 4052M
 Pre-touch: Disabled
 Parallel Workers: 10
 Concurrent Workers: 3
 Concurrent Refinement Workers: 10
 Periodic GC: Disabled
Heap:
 garbage-first heap   total 110592K, used 55177K [0x0000000702c00000, 0x0000000800000000)
  region size 2048K, 15 young (30720K), 1 survivors (2048K)
 Metaspace       used 67444K, committed 67904K, reserved 1114112K
  class space    used 8408K, committed 8640K, reserved 1048576K
GC Heap History (20 events):
Event: 3.253 GC heap before
{Heap before GC invocations=10 (full 0):
 garbage-first heap   total 157696K, used 59727K [0x0000000702c00000, 0x0000000800000000)
  region size 2048K, 24 young (49152K), 2 survivors (4096K)
 Metaspace       used 35687K, committed 35968K, reserved 1114112K
  class space    used 4363K, committed 4480K, reserved 1048576K
}
Event: 3.258 GC heap after
{Heap after GC invocations=11 (full 0):
 garbage-first heap   total 157696K, used 18541K [0x0000000702c00000, 0x0000000800000000)
  region size 2048K, 3 young (6144K), 3 survivors (6144K)
 Metaspace       used 35687K, committed 35968K, reserved 1114112K
  class space    used 4363K, committed 4480K, reserved 1048576K
}
Event: 3.672 GC heap before
{Heap before GC invocations=12 (full 0):
 garbage-first heap   total 75776K, used 57453K [0x0000000702c00000, 0x0000000800000000)
  region size 2048K, 22 young (45056K), 3 survivors (6144K)
 Metaspace       used 42612K, committed 42944K, reserved 1114112K
  class space    used 5287K, committed 5440K, reserved 1048576K
}
Event: 3.679 GC heap after
{Heap after GC invocations=13 (full 0):
 garbage-first heap   total 75776K, used 19403K [0x0000000702c00000, 0x0000000800000000)
  region size 2048K, 2 young (4096K), 2 survivors (4096K)
 Metaspace       used 42612K, committed 42944K, reserved 1114112K
  class space    used 5287K, committed 5440K, reserved 1048576K
}
Event: 3.692 GC heap before
{Heap before GC invocations=13 (full 0):
 garbage-first heap   total 75776K, used 21451K [0x0000000702c00000, 0x0000000800000000)
  region size 2048K, 3 young (6144K), 2 survivors (4096K)
 Metaspace       used 42901K, committed 43264K, reserved 1114112K
  class space    used 5307K, committed 5504K, reserved 1048576K
}
Event: 3.699 GC heap after
{Heap after GC invocations=14 (full 0):
 garbage-first heap   total 75776K, used 19372K [0x0000000702c00000, 0x0000000800000000)
  region size 2048K, 1 young (2048K), 1 survivors (2048K)
 Metaspace       used 42901K, committed 43264K, reserved 1114112K
  class space    used 5307K, committed 5504K, reserved 1048576K
}
Event: 3.998 GC heap before
{Heap before GC invocations=14 (full 0):
 garbage-first heap   total 75776K, used 56236K [0x0000000702c00000, 0x0000000800000000)
  region size 2048K, 20 young (40960K), 1 survivors (2048K)
 Metaspace       used 46585K, committed 46912K, reserved 1114112K
  class space    used 5758K, committed 5952K, reserved 1048576K
}
Event: 4.001 GC heap after
{Heap after GC invocations=15 (full 0):
 garbage-first heap   total 75776K, used 20997K [0x0000000702c00000, 0x0000000800000000)
  region size 2048K, 2 young (4096K), 2 survivors (4096K)
 Metaspace       used 46585K, committed 46912K, reserved 1114112K
  class space    used 5758K, committed 5952K, reserved 1048576K
}
Event: 4.268 GC heap before
{Heap before GC invocations=15 (full 0):
 garbage-first heap   total 75776K, used 57861K [0x0000000702c00000, 0x0000000800000000)
  region size 2048K, 20 young (40960K), 2 survivors (4096K)
 Metaspace       used 50273K, committed 50688K, reserved 1114112K
  class space    used 6271K, committed 6464K, reserved 1048576K
}
Event: 4.273 GC heap after
{Heap after GC invocations=16 (full 0):
 garbage-first heap   total 75776K, used 21312K [0x0000000702c00000, 0x0000000800000000)
  region size 2048K, 2 young (4096K), 2 survivors (4096K)
 Metaspace       used 50273K, committed 50688K, reserved 1114112K
  class space    used 6271K, committed 6464K, reserved 1048576K
}
Event: 4.605 GC heap before
{Heap before GC invocations=16 (full 0):
 garbage-first heap   total 75776K, used 58176K [0x0000000702c00000, 0x0000000800000000)
  region size 2048K, 20 young (40960K), 2 survivors (4096K)
 Metaspace       used 52862K, committed 53248K, reserved 1114112K
  class space    used 6608K, committed 6784K, reserved 1048576K
}
Event: 4.608 GC heap after
{Heap after GC invocations=17 (full 0):
 garbage-first heap   total 151552K, used 22062K [0x0000000702c00000, 0x0000000800000000)
  region size 2048K, 2 young (4096K), 2 survivors (4096K)
 Metaspace       used 52862K, committed 53248K, reserved 1114112K
  class space    used 6608K, committed 6784K, reserved 1048576K
}
Event: 5.230 GC heap before
{Heap before GC invocations=17 (full 0):
 garbage-first heap   total 151552K, used 108078K [0x0000000702c00000, 0x0000000800000000)
  region size 2048K, 44 young (90112K), 2 survivors (4096K)
 Metaspace       used 57821K, committed 58240K, reserved 1114112K
  class space    used 7227K, committed 7424K, reserved 1048576K
}
Event: 5.235 GC heap after
{Heap after GC invocations=18 (full 0):
 garbage-first heap   total 151552K, used 26054K [0x0000000702c00000, 0x0000000800000000)
  region size 2048K, 4 young (8192K), 4 survivors (8192K)
 Metaspace       used 57821K, committed 58240K, reserved 1114112K
  class space    used 7227K, committed 7424K, reserved 1048576K
}
Event: 5.555 GC heap before
{Heap before GC invocations=18 (full 0):
 garbage-first heap   total 151552K, used 73158K [0x0000000702c00000, 0x0000000800000000)
  region size 2048K, 28 young (57344K), 4 survivors (8192K)
 Metaspace       used 59849K, committed 60288K, reserved 1114112K
  class space    used 7498K, committed 7744K, reserved 1048576K
}
Event: 5.560 GC heap after
{Heap after GC invocations=19 (full 0):
 garbage-first heap   total 151552K, used 27897K [0x0000000702c00000, 0x0000000800000000)
  region size 2048K, 4 young (8192K), 4 survivors (8192K)
 Metaspace       used 59849K, committed 60288K, reserved 1114112K
  class space    used 7498K, committed 7744K, reserved 1048576K
}
Event: 8.619 GC heap before
{Heap before GC invocations=20 (full 0):
 garbage-first heap   total 110592K, used 85241K [0x0000000702c00000, 0x0000000800000000)
  region size 2048K, 32 young (65536K), 4 survivors (8192K)
 Metaspace       used 63944K, committed 64320K, reserved 1114112K
  class space    used 8027K, committed 8192K, reserved 1048576K
}
Event: 8.624 GC heap after
{Heap after GC invocations=21 (full 0):
 garbage-first heap   total 110592K, used 29983K [0x0000000702c00000, 0x0000000800000000)
  region size 2048K, 3 young (6144K), 3 survivors (6144K)
 Metaspace       used 63944K, committed 64320K, reserved 1114112K
  class space    used 8027K, committed 8192K, reserved 1048576K
}
Event: 8.645 GC heap before
{Heap before GC invocations=21 (full 0):
 garbage-first heap   total 110592K, used 32031K [0x0000000702c00000, 0x0000000800000000)
  region size 2048K, 4 young (8192K), 3 survivors (6144K)
 Metaspace       used 64160K, committed 64576K, reserved 1114112K
  class space    used 8055K, committed 8256K, reserved 1048576K
}
Event: 8.648 GC heap after
{Heap after GC invocations=22 (full 0):
 garbage-first heap   total 110592K, used 30601K [0x0000000702c00000, 0x0000000800000000)
  region size 2048K, 1 young (2048K), 1 survivors (2048K)
 Metaspace       used 64160K, committed 64576K, reserved 1114112K
  class space    used 8055K, committed 8256K, reserved 1048576K
}

